2025-07-31 11:20:58,406 P1656 [INFO] ************************************************************
2025-07-31 11:20:58,406 P1656 [INFO] ConfigSet _OnInstanceBoot
2025-07-31 11:20:58,409 P1656 [INFO] ++++++++++++++++++++++++++++++++++++++++++++++++++++++++++++
2025-07-31 11:20:58,409 P1656 [INFO] Config AWSEBBaseConfig
2025-07-31 11:20:58,640 P1656 [INFO] ============================================================
2025-07-31 11:20:58,640 P1656 [INFO] Command clearbackupfiles
2025-07-31 11:20:58,667 P1656 [INFO] Completed successfully.
2025-07-31 11:20:58,703 P1656 [INFO] ++++++++++++++++++++++++++++++++++++++++++++++++++++++++++++
2025-07-31 11:20:58,704 P1656 [INFO] Config AWSEBCfnHupEndpointOverride
2025-07-31 11:20:58,717 P1656 [INFO] ============================================================
2025-07-31 11:20:58,717 P1656 [INFO] Command clearbackupfiles
2025-07-31 11:20:58,722 P1656 [INFO] Completed successfully.
2025-07-31 11:22:06,746 P1908 [INFO] ************************************************************
2025-07-31 11:22:06,746 P1908 [INFO] ConfigSet Infra-EmbeddedPreBuild
2025-07-31 11:22:13,230 P2022 [INFO] ************************************************************
2025-07-31 11:22:13,230 P2022 [INFO] ConfigSet Infra-EmbeddedPostBuild
2025-07-31 11:48:29,154 P4197 [INFO] ************************************************************
2025-07-31 11:48:29,154 P4197 [INFO] ConfigSet Infra-EmbeddedPreBuild
2025-07-31 11:48:33,985 P4375 [INFO] ************************************************************
2025-07-31 11:48:33,985 P4375 [INFO] ConfigSet Infra-EmbeddedPostBuild
