2025-07-31 11:21:03,925 [DEBUG] CloudFormation client initialized with endpoint https://cloudformation.eu-central-1.amazonaws.com
2025-07-31 11:21:03,925 [DEBUG] SQS client initialized with endpoint https://sqs.eu-central-1.amazonaws.com
2025-07-31 11:21:03,925 [DEBUG] CloudFormation client initialized with endpoint https://cloudformation.eu-central-1.amazonaws.com
2025-07-31 11:21:03,925 [DEBUG] Enabled single threading mode.
2025-07-31 11:21:03,926 [DEBUG] Creating /var/lib/cfn-hup/data
2025-07-31 11:21:03,941 [INFO] No umask value specified in config file. Using the default one: 0o22
2025-07-31 11:21:04,004 [INFO] Pid: 1787
2025-07-31 11:21:04,319 [INFO] Refreshing listener credentials
2025-07-31 11:21:04,397 [INFO] Scheduling next credential refresh in 1799.0 seconds
2025-07-31 11:22:04,400 [WARNING] Timeout of 60 seconds breached
2025-07-31 11:22:04,400 [ERROR] Client-side timeout
Traceback (most recent call last):
  File "/usr/lib/python3.9/site-packages/cfnbootstrap/util.py", line 191, in _retry
    return f(*args, **kwargs)
  File "/usr/lib/python3.9/site-packages/cfnbootstrap/util.py", line 264, in _timeout
    raise TimeoutError(
cfnbootstrap.util.TimeoutError
2025-07-31 11:22:05,209 [INFO] Received command ElasticBeanstalkCommand-AWSEBAutoScalingGroup (invocation id: e53141ba-0a10-436a-a477-8ff50b408813)
2025-07-31 11:22:05,209 [INFO] Running action for aws-eb-command-handler
2025-07-31 11:22:29,846 [INFO] Action for aws-eb-command-handler succeeded, returning SUCCESS
2025-07-31 11:26:11,015 [INFO] command processing is alive.
2025-07-31 11:31:11,460 [INFO] command processing is alive.
2025-07-31 11:36:11,905 [INFO] command processing is alive.
2025-07-31 11:41:12,349 [INFO] command processing is alive.
2025-07-31 11:46:12,842 [INFO] command processing is alive.
2025-07-31 11:48:27,751 [INFO] Received command ElasticBeanstalkCommand-AWSEBAutoScalingGroup (invocation id: e4ee0bdd-c2aa-4848-aa14-4dd81751ca07)
2025-07-31 11:48:27,752 [INFO] Running action for aws-eb-command-handler
2025-07-31 11:48:36,919 [INFO] Action for aws-eb-command-handler succeeded, returning SUCCESS
2025-07-31 11:51:03,398 [INFO] Refreshing listener credentials
2025-07-31 11:51:03,479 [INFO] Scheduling next credential refresh in 1799.0 seconds
2025-07-31 11:51:17,237 [INFO] command processing is alive.
2025-07-31 11:55:07,738 [INFO] Received command ElasticBeanstalkCommand-AWSEBAutoScalingGroup (invocation id: ba970823-f3e3-4146-a4a0-72c4a52ba51e)
2025-07-31 11:55:07,738 [INFO] Running action for aws-eb-command-handler
2025-07-31 11:55:14,572 [INFO] Action for aws-eb-command-handler succeeded, returning SUCCESS
2025-07-31 11:56:34,770 [INFO] command processing is alive.
2025-07-31 11:58:38,446 [INFO] Received command ElasticBeanstalkCommand-AWSEBAutoScalingGroup (invocation id: d096a7a9-0f7c-4d11-a188-4740c224e051)
2025-07-31 11:58:38,446 [INFO] Running action for aws-eb-command-handler
