2025-07-31 11:20:58,399 [INFO] -----------------------Starting build-----------------------
2025-07-31 11:20:58,404 [INFO] Running configSets: _OnInstanceBoot
2025-07-31 11:20:58,406 [INFO] Running configSet _OnInstanceBoot
2025-07-31 11:20:58,408 [INFO] Running config AWSEBBaseConfig
2025-07-31 11:20:58,671 [INFO] Command clearbackupfiles succeeded
2025-07-31 11:20:58,699 [INFO] Running config AWSEBCfnHupEndpointOverride
2025-07-31 11:20:58,723 [INFO] Command clearbackupfiles succeeded
2025-07-31 11:20:58,724 [INFO] ConfigSets completed
2025-07-31 11:20:58,725 [INFO] -----------------------Build complete-----------------------
2025-07-31 11:22:06,738 [INFO] -----------------------Starting build-----------------------
2025-07-31 11:22:06,743 [INFO] Running configSets: Infra-EmbeddedPreBuild
2025-07-31 11:22:06,746 [INFO] Running configSet Infra-EmbeddedPreBuild
2025-07-31 11:22:06,746 [INFO] ConfigSets completed
2025-07-31 11:22:06,746 [INFO] -----------------------Build complete-----------------------
2025-07-31 11:22:13,223 [INFO] -----------------------Starting build-----------------------
2025-07-31 11:22:13,228 [INFO] Running configSets: Infra-EmbeddedPostBuild
2025-07-31 11:22:13,230 [INFO] Running configSet Infra-EmbeddedPostBuild
2025-07-31 11:22:13,230 [INFO] ConfigSets completed
2025-07-31 11:22:13,230 [INFO] -----------------------Build complete-----------------------
2025-07-31 11:48:29,146 [INFO] -----------------------Starting build-----------------------
2025-07-31 11:48:29,152 [INFO] Running configSets: Infra-EmbeddedPreBuild
2025-07-31 11:48:29,154 [INFO] Running configSet Infra-EmbeddedPreBuild
2025-07-31 11:48:29,154 [INFO] ConfigSets completed
2025-07-31 11:48:29,154 [INFO] -----------------------Build complete-----------------------
2025-07-31 11:48:33,978 [INFO] -----------------------Starting build-----------------------
2025-07-31 11:48:33,983 [INFO] Running configSets: Infra-EmbeddedPostBuild
2025-07-31 11:48:33,985 [INFO] Running configSet Infra-EmbeddedPostBuild
2025-07-31 11:48:33,985 [INFO] ConfigSets completed
2025-07-31 11:48:33,985 [INFO] -----------------------Build complete-----------------------
